[2016-03-04 09:53:16] (ERROR in xPDOConnection::connect @ C:\OpenServer\domains\modxShop\core\xpdo\xpdo.class.php : 3058) SQLSTATE[HY000] [1045] Access denied for user 'admin'@'localhost' (using password: NO)
[2016-03-04 09:53:16] (ERROR in xPDOConnection::connect @ C:\OpenServer\domains\modxShop\core\xpdo\xpdo.class.php : 3058) SQLSTATE[HY000] [1045] Access denied for user 'admin'@'localhost' (using password: NO)
[2016-03-04 09:53:16] (ERROR @ /index.php) Error preparing statement for query: SELECT `modSystemSetting`.`key` AS `modSystemSetting_key`, `modSystemSetting`.`value` AS `modSystemSetting_value`, `modSystemSetting`.`xtype` AS `modSystemSetting_xtype`, `modSystemSetting`.`namespace` AS `modSystemSetting_namespace`, `modSystemSetting`.`area` AS `modSystemSetting_area`, `modSystemSetting`.`editedon` AS `modSystemSetting_editedon` FROM `modx_system_settings` AS `modSystemSetting`  - 
[2016-03-04 09:53:16] (ERROR in xPDOConnection::connect @ C:\OpenServer\domains\modxShop\core\xpdo\xpdo.class.php : 3058) SQLSTATE[HY000] [1045] Access denied for user 'admin'@'localhost' (using password: NO)
[2016-03-04 09:53:16] (ERROR in xPDOConnection::connect @ C:\OpenServer\domains\modxShop\core\xpdo\xpdo.class.php : 3058) SQLSTATE[HY000] [1045] Access denied for user 'admin'@'localhost' (using password: NO)
[2016-03-04 09:53:16] (ERROR @ /index.php) Error preparing statement for query: SELECT `modSystemSetting`.`key` AS `modSystemSetting_key`, `modSystemSetting`.`value` AS `modSystemSetting_value`, `modSystemSetting`.`xtype` AS `modSystemSetting_xtype`, `modSystemSetting`.`namespace` AS `modSystemSetting_namespace`, `modSystemSetting`.`area` AS `modSystemSetting_area`, `modSystemSetting`.`editedon` AS `modSystemSetting_editedon` FROM `modx_system_settings` AS `modSystemSetting`  - 
[2016-03-04 09:53:16] (FATAL) Could not load core MODX configuration!
[2016-03-04 09:53:16] (ERROR in xPDOConnection::connect @ C:\OpenServer\domains\modxShop\core\xpdo\xpdo.class.php : 3058) SQLSTATE[HY000] [1045] Access denied for user 'admin'@'localhost' (using password: NO)
[2016-03-04 09:53:16] (ERROR in xPDOConnection::connect @ C:\OpenServer\domains\modxShop\core\xpdo\xpdo.class.php : 3058) SQLSTATE[HY000] [1045] Access denied for user 'admin'@'localhost' (using password: NO)
[2016-03-04 09:53:16] (ERROR @ /index.php) Error preparing statement for query: SELECT `modSystemSetting`.`key` AS `modSystemSetting_key`, `modSystemSetting`.`value` AS `modSystemSetting_value`, `modSystemSetting`.`xtype` AS `modSystemSetting_xtype`, `modSystemSetting`.`namespace` AS `modSystemSetting_namespace`, `modSystemSetting`.`area` AS `modSystemSetting_area`, `modSystemSetting`.`editedon` AS `modSystemSetting_editedon` FROM `modx_system_settings` AS `modSystemSetting`  - 
[2016-03-04 09:53:16] (ERROR in xPDOConnection::connect @ C:\OpenServer\domains\modxShop\core\xpdo\xpdo.class.php : 3058) SQLSTATE[HY000] [1045] Access denied for user 'admin'@'localhost' (using password: NO)
[2016-03-04 09:53:16] (ERROR in xPDOConnection::connect @ C:\OpenServer\domains\modxShop\core\xpdo\xpdo.class.php : 3058) SQLSTATE[HY000] [1045] Access denied for user 'admin'@'localhost' (using password: NO)
[2016-03-04 09:53:16] (ERROR @ /index.php) Error preparing statement for query: SELECT `modSystemSetting`.`key` AS `modSystemSetting_key`, `modSystemSetting`.`value` AS `modSystemSetting_value`, `modSystemSetting`.`xtype` AS `modSystemSetting_xtype`, `modSystemSetting`.`namespace` AS `modSystemSetting_namespace`, `modSystemSetting`.`area` AS `modSystemSetting_area`, `modSystemSetting`.`editedon` AS `modSystemSetting_editedon` FROM `modx_system_settings` AS `modSystemSetting`  - 
[2016-03-04 09:53:16] (FATAL) Could not load core MODX configuration!
[2016-03-04 09:53:17] (ERROR in xPDOConnection::connect @ C:\OpenServer\domains\modxShop\core\xpdo\xpdo.class.php : 3058) SQLSTATE[HY000] [1045] Access denied for user 'admin'@'localhost' (using password: NO)
[2016-03-04 09:53:17] (ERROR in xPDOConnection::connect @ C:\OpenServer\domains\modxShop\core\xpdo\xpdo.class.php : 3058) SQLSTATE[HY000] [1045] Access denied for user 'admin'@'localhost' (using password: NO)
[2016-03-04 09:53:17] (ERROR @ /index.php) Error preparing statement for query: SELECT `modSystemSetting`.`key` AS `modSystemSetting_key`, `modSystemSetting`.`value` AS `modSystemSetting_value`, `modSystemSetting`.`xtype` AS `modSystemSetting_xtype`, `modSystemSetting`.`namespace` AS `modSystemSetting_namespace`, `modSystemSetting`.`area` AS `modSystemSetting_area`, `modSystemSetting`.`editedon` AS `modSystemSetting_editedon` FROM `modx_system_settings` AS `modSystemSetting`  - 
[2016-03-04 09:53:17] (ERROR in xPDOConnection::connect @ C:\OpenServer\domains\modxShop\core\xpdo\xpdo.class.php : 3058) SQLSTATE[HY000] [1045] Access denied for user 'admin'@'localhost' (using password: NO)
[2016-03-04 09:53:17] (ERROR in xPDOConnection::connect @ C:\OpenServer\domains\modxShop\core\xpdo\xpdo.class.php : 3058) SQLSTATE[HY000] [1045] Access denied for user 'admin'@'localhost' (using password: NO)
[2016-03-04 09:53:17] (ERROR @ /index.php) Error preparing statement for query: SELECT `modSystemSetting`.`key` AS `modSystemSetting_key`, `modSystemSetting`.`value` AS `modSystemSetting_value`, `modSystemSetting`.`xtype` AS `modSystemSetting_xtype`, `modSystemSetting`.`namespace` AS `modSystemSetting_namespace`, `modSystemSetting`.`area` AS `modSystemSetting_area`, `modSystemSetting`.`editedon` AS `modSystemSetting_editedon` FROM `modx_system_settings` AS `modSystemSetting`  - 
[2016-03-04 09:53:17] (FATAL) Could not load core MODX configuration!
[2016-03-04 09:53:17] (ERROR in xPDOConnection::connect @ C:\OpenServer\domains\modxShop\core\xpdo\xpdo.class.php : 3058) SQLSTATE[HY000] [1045] Access denied for user 'admin'@'localhost' (using password: NO)
[2016-03-04 09:53:17] (ERROR in xPDOConnection::connect @ C:\OpenServer\domains\modxShop\core\xpdo\xpdo.class.php : 3058) SQLSTATE[HY000] [1045] Access denied for user 'admin'@'localhost' (using password: NO)
[2016-03-04 09:53:17] (ERROR @ /index.php) Error preparing statement for query: SELECT `modSystemSetting`.`key` AS `modSystemSetting_key`, `modSystemSetting`.`value` AS `modSystemSetting_value`, `modSystemSetting`.`xtype` AS `modSystemSetting_xtype`, `modSystemSetting`.`namespace` AS `modSystemSetting_namespace`, `modSystemSetting`.`area` AS `modSystemSetting_area`, `modSystemSetting`.`editedon` AS `modSystemSetting_editedon` FROM `modx_system_settings` AS `modSystemSetting`  - 
[2016-03-04 09:53:17] (ERROR in xPDOConnection::connect @ C:\OpenServer\domains\modxShop\core\xpdo\xpdo.class.php : 3058) SQLSTATE[HY000] [1045] Access denied for user 'admin'@'localhost' (using password: NO)
[2016-03-04 09:53:17] (ERROR in xPDOConnection::connect @ C:\OpenServer\domains\modxShop\core\xpdo\xpdo.class.php : 3058) SQLSTATE[HY000] [1045] Access denied for user 'admin'@'localhost' (using password: NO)
[2016-03-04 09:53:17] (ERROR @ /index.php) Error preparing statement for query: SELECT `modSystemSetting`.`key` AS `modSystemSetting_key`, `modSystemSetting`.`value` AS `modSystemSetting_value`, `modSystemSetting`.`xtype` AS `modSystemSetting_xtype`, `modSystemSetting`.`namespace` AS `modSystemSetting_namespace`, `modSystemSetting`.`area` AS `modSystemSetting_area`, `modSystemSetting`.`editedon` AS `modSystemSetting_editedon` FROM `modx_system_settings` AS `modSystemSetting`  - 
[2016-03-04 09:53:17] (FATAL) Could not load core MODX configuration!
[2016-03-04 09:53:17] (ERROR in xPDOConnection::connect @ C:\OpenServer\domains\modxShop\core\xpdo\xpdo.class.php : 3058) SQLSTATE[HY000] [1045] Access denied for user 'admin'@'localhost' (using password: NO)
[2016-03-04 09:53:17] (ERROR in xPDOConnection::connect @ C:\OpenServer\domains\modxShop\core\xpdo\xpdo.class.php : 3058) SQLSTATE[HY000] [1045] Access denied for user 'admin'@'localhost' (using password: NO)
[2016-03-04 09:53:17] (ERROR @ /index.php) Error preparing statement for query: SELECT `modSystemSetting`.`key` AS `modSystemSetting_key`, `modSystemSetting`.`value` AS `modSystemSetting_value`, `modSystemSetting`.`xtype` AS `modSystemSetting_xtype`, `modSystemSetting`.`namespace` AS `modSystemSetting_namespace`, `modSystemSetting`.`area` AS `modSystemSetting_area`, `modSystemSetting`.`editedon` AS `modSystemSetting_editedon` FROM `modx_system_settings` AS `modSystemSetting`  - 
[2016-03-04 09:53:17] (ERROR in xPDOConnection::connect @ C:\OpenServer\domains\modxShop\core\xpdo\xpdo.class.php : 3058) SQLSTATE[HY000] [1045] Access denied for user 'admin'@'localhost' (using password: NO)
[2016-03-04 09:53:17] (ERROR in xPDOConnection::connect @ C:\OpenServer\domains\modxShop\core\xpdo\xpdo.class.php : 3058) SQLSTATE[HY000] [1045] Access denied for user 'admin'@'localhost' (using password: NO)
[2016-03-04 09:53:17] (ERROR @ /index.php) Error preparing statement for query: SELECT `modSystemSetting`.`key` AS `modSystemSetting_key`, `modSystemSetting`.`value` AS `modSystemSetting_value`, `modSystemSetting`.`xtype` AS `modSystemSetting_xtype`, `modSystemSetting`.`namespace` AS `modSystemSetting_namespace`, `modSystemSetting`.`area` AS `modSystemSetting_area`, `modSystemSetting`.`editedon` AS `modSystemSetting_editedon` FROM `modx_system_settings` AS `modSystemSetting`  - 
[2016-03-04 09:53:17] (FATAL) Could not load core MODX configuration!
[2016-03-04 09:53:17] (ERROR in xPDOConnection::connect @ C:\OpenServer\domains\modxShop\core\xpdo\xpdo.class.php : 3058) SQLSTATE[HY000] [1045] Access denied for user 'admin'@'localhost' (using password: NO)
[2016-03-04 09:53:17] (ERROR in xPDOConnection::connect @ C:\OpenServer\domains\modxShop\core\xpdo\xpdo.class.php : 3058) SQLSTATE[HY000] [1045] Access denied for user 'admin'@'localhost' (using password: NO)
[2016-03-04 09:53:17] (ERROR @ /index.php) Error preparing statement for query: SELECT `modSystemSetting`.`key` AS `modSystemSetting_key`, `modSystemSetting`.`value` AS `modSystemSetting_value`, `modSystemSetting`.`xtype` AS `modSystemSetting_xtype`, `modSystemSetting`.`namespace` AS `modSystemSetting_namespace`, `modSystemSetting`.`area` AS `modSystemSetting_area`, `modSystemSetting`.`editedon` AS `modSystemSetting_editedon` FROM `modx_system_settings` AS `modSystemSetting`  - 
[2016-03-04 09:53:17] (ERROR in xPDOConnection::connect @ C:\OpenServer\domains\modxShop\core\xpdo\xpdo.class.php : 3058) SQLSTATE[HY000] [1045] Access denied for user 'admin'@'localhost' (using password: NO)
[2016-03-04 09:53:17] (ERROR in xPDOConnection::connect @ C:\OpenServer\domains\modxShop\core\xpdo\xpdo.class.php : 3058) SQLSTATE[HY000] [1045] Access denied for user 'admin'@'localhost' (using password: NO)
[2016-03-04 09:53:17] (ERROR @ /index.php) Error preparing statement for query: SELECT `modSystemSetting`.`key` AS `modSystemSetting_key`, `modSystemSetting`.`value` AS `modSystemSetting_value`, `modSystemSetting`.`xtype` AS `modSystemSetting_xtype`, `modSystemSetting`.`namespace` AS `modSystemSetting_namespace`, `modSystemSetting`.`area` AS `modSystemSetting_area`, `modSystemSetting`.`editedon` AS `modSystemSetting_editedon` FROM `modx_system_settings` AS `modSystemSetting`  - 
[2016-03-04 09:53:17] (FATAL) Could not load core MODX configuration!
[2016-03-04 09:53:18] (ERROR in xPDOConnection::connect @ C:\OpenServer\domains\modxShop\core\xpdo\xpdo.class.php : 3058) SQLSTATE[HY000] [1045] Access denied for user 'admin'@'localhost' (using password: NO)
[2016-03-04 09:53:18] (ERROR in xPDOConnection::connect @ C:\OpenServer\domains\modxShop\core\xpdo\xpdo.class.php : 3058) SQLSTATE[HY000] [1045] Access denied for user 'admin'@'localhost' (using password: NO)
[2016-03-04 09:53:18] (ERROR @ /index.php) Error preparing statement for query: SELECT `modSystemSetting`.`key` AS `modSystemSetting_key`, `modSystemSetting`.`value` AS `modSystemSetting_value`, `modSystemSetting`.`xtype` AS `modSystemSetting_xtype`, `modSystemSetting`.`namespace` AS `modSystemSetting_namespace`, `modSystemSetting`.`area` AS `modSystemSetting_area`, `modSystemSetting`.`editedon` AS `modSystemSetting_editedon` FROM `modx_system_settings` AS `modSystemSetting`  - 
[2016-03-04 09:53:18] (ERROR in xPDOConnection::connect @ C:\OpenServer\domains\modxShop\core\xpdo\xpdo.class.php : 3058) SQLSTATE[HY000] [1045] Access denied for user 'admin'@'localhost' (using password: NO)
[2016-03-04 09:53:18] (ERROR in xPDOConnection::connect @ C:\OpenServer\domains\modxShop\core\xpdo\xpdo.class.php : 3058) SQLSTATE[HY000] [1045] Access denied for user 'admin'@'localhost' (using password: NO)
[2016-03-04 09:53:18] (ERROR @ /index.php) Error preparing statement for query: SELECT `modSystemSetting`.`key` AS `modSystemSetting_key`, `modSystemSetting`.`value` AS `modSystemSetting_value`, `modSystemSetting`.`xtype` AS `modSystemSetting_xtype`, `modSystemSetting`.`namespace` AS `modSystemSetting_namespace`, `modSystemSetting`.`area` AS `modSystemSetting_area`, `modSystemSetting`.`editedon` AS `modSystemSetting_editedon` FROM `modx_system_settings` AS `modSystemSetting`  - 
[2016-03-04 09:53:18] (FATAL) Could not load core MODX configuration!
[2016-03-04 09:53:18] (ERROR in xPDOConnection::connect @ C:\OpenServer\domains\modxShop\core\xpdo\xpdo.class.php : 3058) SQLSTATE[HY000] [1045] Access denied for user 'admin'@'localhost' (using password: NO)
[2016-03-04 09:53:18] (ERROR in xPDOConnection::connect @ C:\OpenServer\domains\modxShop\core\xpdo\xpdo.class.php : 3058) SQLSTATE[HY000] [1045] Access denied for user 'admin'@'localhost' (using password: NO)
[2016-03-04 09:53:18] (ERROR @ /index.php) Error preparing statement for query: SELECT `modSystemSetting`.`key` AS `modSystemSetting_key`, `modSystemSetting`.`value` AS `modSystemSetting_value`, `modSystemSetting`.`xtype` AS `modSystemSetting_xtype`, `modSystemSetting`.`namespace` AS `modSystemSetting_namespace`, `modSystemSetting`.`area` AS `modSystemSetting_area`, `modSystemSetting`.`editedon` AS `modSystemSetting_editedon` FROM `modx_system_settings` AS `modSystemSetting`  - 
[2016-03-04 09:53:18] (ERROR in xPDOConnection::connect @ C:\OpenServer\domains\modxShop\core\xpdo\xpdo.class.php : 3058) SQLSTATE[HY000] [1045] Access denied for user 'admin'@'localhost' (using password: NO)
[2016-03-04 09:53:18] (ERROR in xPDOConnection::connect @ C:\OpenServer\domains\modxShop\core\xpdo\xpdo.class.php : 3058) SQLSTATE[HY000] [1045] Access denied for user 'admin'@'localhost' (using password: NO)
[2016-03-04 09:53:18] (ERROR @ /index.php) Error preparing statement for query: SELECT `modSystemSetting`.`key` AS `modSystemSetting_key`, `modSystemSetting`.`value` AS `modSystemSetting_value`, `modSystemSetting`.`xtype` AS `modSystemSetting_xtype`, `modSystemSetting`.`namespace` AS `modSystemSetting_namespace`, `modSystemSetting`.`area` AS `modSystemSetting_area`, `modSystemSetting`.`editedon` AS `modSystemSetting_editedon` FROM `modx_system_settings` AS `modSystemSetting`  - 
[2016-03-04 09:53:18] (FATAL) Could not load core MODX configuration!
[2016-03-04 09:53:21] (ERROR in xPDOConnection::connect @ C:\OpenServer\domains\modxShop\core\xpdo\xpdo.class.php : 3058) SQLSTATE[HY000] [1045] Access denied for user 'admin'@'localhost' (using password: NO)
[2016-03-04 09:53:21] (ERROR in xPDOConnection::connect @ C:\OpenServer\domains\modxShop\core\xpdo\xpdo.class.php : 3058) SQLSTATE[HY000] [1045] Access denied for user 'admin'@'localhost' (using password: NO)
[2016-03-04 09:53:21] (ERROR @ /index.php) Error preparing statement for query: SELECT `modSystemSetting`.`key` AS `modSystemSetting_key`, `modSystemSetting`.`value` AS `modSystemSetting_value`, `modSystemSetting`.`xtype` AS `modSystemSetting_xtype`, `modSystemSetting`.`namespace` AS `modSystemSetting_namespace`, `modSystemSetting`.`area` AS `modSystemSetting_area`, `modSystemSetting`.`editedon` AS `modSystemSetting_editedon` FROM `modx_system_settings` AS `modSystemSetting`  - 
[2016-03-04 09:53:21] (ERROR in xPDOConnection::connect @ C:\OpenServer\domains\modxShop\core\xpdo\xpdo.class.php : 3058) SQLSTATE[HY000] [1045] Access denied for user 'admin'@'localhost' (using password: NO)
[2016-03-04 09:53:21] (ERROR in xPDOConnection::connect @ C:\OpenServer\domains\modxShop\core\xpdo\xpdo.class.php : 3058) SQLSTATE[HY000] [1045] Access denied for user 'admin'@'localhost' (using password: NO)
[2016-03-04 09:53:21] (ERROR @ /index.php) Error preparing statement for query: SELECT `modSystemSetting`.`key` AS `modSystemSetting_key`, `modSystemSetting`.`value` AS `modSystemSetting_value`, `modSystemSetting`.`xtype` AS `modSystemSetting_xtype`, `modSystemSetting`.`namespace` AS `modSystemSetting_namespace`, `modSystemSetting`.`area` AS `modSystemSetting_area`, `modSystemSetting`.`editedon` AS `modSystemSetting_editedon` FROM `modx_system_settings` AS `modSystemSetting`  - 
[2016-03-04 09:53:21] (FATAL) Could not load core MODX configuration!
[2016-03-04 09:53:28] (ERROR in xPDOConnection::connect @ C:\OpenServer\domains\modxShop\core\xpdo\xpdo.class.php : 3058) SQLSTATE[HY000] [1045] Access denied for user 'admin'@'localhost' (using password: NO)
[2016-03-04 09:53:28] (ERROR in xPDOConnection::connect @ C:\OpenServer\domains\modxShop\core\xpdo\xpdo.class.php : 3058) SQLSTATE[HY000] [1045] Access denied for user 'admin'@'localhost' (using password: NO)
[2016-03-04 09:53:28] (ERROR @ /manager/index.php) Error preparing statement for query: SELECT `modSystemSetting`.`key` AS `modSystemSetting_key`, `modSystemSetting`.`value` AS `modSystemSetting_value`, `modSystemSetting`.`xtype` AS `modSystemSetting_xtype`, `modSystemSetting`.`namespace` AS `modSystemSetting_namespace`, `modSystemSetting`.`area` AS `modSystemSetting_area`, `modSystemSetting`.`editedon` AS `modSystemSetting_editedon` FROM `modx_system_settings` AS `modSystemSetting`  - 
[2016-03-04 09:53:28] (ERROR in xPDOConnection::connect @ C:\OpenServer\domains\modxShop\core\xpdo\xpdo.class.php : 3058) SQLSTATE[HY000] [1045] Access denied for user 'admin'@'localhost' (using password: NO)
[2016-03-04 09:53:28] (ERROR in xPDOConnection::connect @ C:\OpenServer\domains\modxShop\core\xpdo\xpdo.class.php : 3058) SQLSTATE[HY000] [1045] Access denied for user 'admin'@'localhost' (using password: NO)
[2016-03-04 09:53:28] (ERROR @ /manager/index.php) Error preparing statement for query: SELECT `modSystemSetting`.`key` AS `modSystemSetting_key`, `modSystemSetting`.`value` AS `modSystemSetting_value`, `modSystemSetting`.`xtype` AS `modSystemSetting_xtype`, `modSystemSetting`.`namespace` AS `modSystemSetting_namespace`, `modSystemSetting`.`area` AS `modSystemSetting_area`, `modSystemSetting`.`editedon` AS `modSystemSetting_editedon` FROM `modx_system_settings` AS `modSystemSetting`  - 
[2016-03-04 09:53:28] (FATAL) Could not load core MODX configuration!
[2016-03-04 09:53:28] (ERROR in xPDOConnection::connect @ C:\OpenServer\domains\modxShop\core\xpdo\xpdo.class.php : 3058) SQLSTATE[HY000] [1045] Access denied for user 'admin'@'localhost' (using password: NO)
[2016-03-04 09:53:28] (ERROR in xPDOConnection::connect @ C:\OpenServer\domains\modxShop\core\xpdo\xpdo.class.php : 3058) SQLSTATE[HY000] [1045] Access denied for user 'admin'@'localhost' (using password: NO)
[2016-03-04 09:53:28] (ERROR @ /index.php) Error preparing statement for query: SELECT `modSystemSetting`.`key` AS `modSystemSetting_key`, `modSystemSetting`.`value` AS `modSystemSetting_value`, `modSystemSetting`.`xtype` AS `modSystemSetting_xtype`, `modSystemSetting`.`namespace` AS `modSystemSetting_namespace`, `modSystemSetting`.`area` AS `modSystemSetting_area`, `modSystemSetting`.`editedon` AS `modSystemSetting_editedon` FROM `modx_system_settings` AS `modSystemSetting`  - 
[2016-03-04 09:53:28] (ERROR in xPDOConnection::connect @ C:\OpenServer\domains\modxShop\core\xpdo\xpdo.class.php : 3058) SQLSTATE[HY000] [1045] Access denied for user 'admin'@'localhost' (using password: NO)
[2016-03-04 09:53:28] (ERROR in xPDOConnection::connect @ C:\OpenServer\domains\modxShop\core\xpdo\xpdo.class.php : 3058) SQLSTATE[HY000] [1045] Access denied for user 'admin'@'localhost' (using password: NO)
[2016-03-04 09:53:28] (ERROR @ /index.php) Error preparing statement for query: SELECT `modSystemSetting`.`key` AS `modSystemSetting_key`, `modSystemSetting`.`value` AS `modSystemSetting_value`, `modSystemSetting`.`xtype` AS `modSystemSetting_xtype`, `modSystemSetting`.`namespace` AS `modSystemSetting_namespace`, `modSystemSetting`.`area` AS `modSystemSetting_area`, `modSystemSetting`.`editedon` AS `modSystemSetting_editedon` FROM `modx_system_settings` AS `modSystemSetting`  - 
[2016-03-04 09:53:28] (FATAL) Could not load core MODX configuration!
[2016-03-04 09:58:05] (ERROR @ C:\OpenServer\domains\modxShop\core\model\modx\xmlrss\rssfetch.class.php : 241) User warning: MagpieRSS: Failed to fetch http://feeds.feedburner.com/modx-announce (HTTP Error: connection failed (1006)
[2016-03-04 09:58:06] (ERROR @ C:\OpenServer\domains\modxShop\core\model\modx\xmlrss\rssfetch.class.php : 241) User warning: MagpieRSS: Failed to fetch http://forums.modx.com/board.xml?board=294 (HTTP Error: connection failed (1006)
[2016-03-04 09:58:49] (ERROR @ C:\OpenServer\domains\modxShop\core\model\modx\xmlrss\rssfetch.class.php : 241) User warning: MagpieRSS: Failed to fetch http://feeds.feedburner.com/modx-announce (HTTP Error: connection failed (1006)
[2016-03-04 09:58:50] (ERROR @ C:\OpenServer\domains\modxShop\core\model\modx\xmlrss\rssfetch.class.php : 241) User warning: MagpieRSS: Failed to fetch http://forums.modx.com/board.xml?board=294 (HTTP Error: connection failed (1006)
[2016-03-04 11:34:28] (ERROR @ C:\OpenServer\domains\modxShop\core\model\modx\xmlrss\rssfetch.class.php : 241) User warning: MagpieRSS: Failed to fetch http://feeds.feedburner.com/modx-announce (HTTP Error: connection failed (1006)
[2016-03-04 11:34:29] (ERROR @ C:\OpenServer\domains\modxShop\core\model\modx\xmlrss\rssfetch.class.php : 241) User warning: MagpieRSS: Failed to fetch http://forums.modx.com/board.xml?board=294 (HTTP Error: connection failed (1006)
[2016-03-04 12:06:39] (ERROR @ C:\OpenServer\domains\modxShop\core\model\modx\xmlrss\rssfetch.class.php : 241) User warning: MagpieRSS: Failed to fetch http://feeds.feedburner.com/modx-announce (HTTP Error: connection failed (1006)
[2016-03-04 12:06:48] (ERROR @ C:\OpenServer\domains\modxShop\core\model\modx\xmlrss\rssfetch.class.php : 241) User warning: MagpieRSS: Failed to fetch http://feeds.feedburner.com/modx-announce (HTTP Error: connection failed (1006)
[2016-03-04 12:07:00] (ERROR @ C:\OpenServer\domains\modxShop\core\model\modx\xmlrss\rssfetch.class.php : 241) User warning: MagpieRSS: Failed to fetch http://forums.modx.com/board.xml?board=294 (HTTP Error: connection failed (1006)
[2016-03-04 12:07:09] (ERROR @ C:\OpenServer\domains\modxShop\core\model\modx\xmlrss\rssfetch.class.php : 241) User warning: MagpieRSS: Failed to fetch http://forums.modx.com/board.xml?board=294 (HTTP Error: connection failed (1006)
[2016-03-04 12:07:51] (ERROR @ C:\OpenServer\domains\modxShop\core\model\modx\xmlrss\rssfetch.class.php : 241) User warning: MagpieRSS: Failed to fetch http://feeds.feedburner.com/modx-announce (HTTP Error: connection failed (1006)
[2016-03-04 12:07:55] (ERROR @ C:\OpenServer\domains\modxShop\core\model\modx\xmlrss\rssfetch.class.php : 241) User warning: MagpieRSS: Failed to fetch http://feeds.feedburner.com/modx-announce (HTTP Error: connection failed (1006)
[2016-03-04 12:08:04] (ERROR @ C:\OpenServer\domains\modxShop\core\model\modx\xmlrss\rssfetch.class.php : 241) User warning: MagpieRSS: Failed to fetch http://feeds.feedburner.com/modx-announce (HTTP Error: connection failed (1006)
[2016-03-04 12:08:12] (ERROR @ C:\OpenServer\domains\modxShop\core\model\modx\xmlrss\rssfetch.class.php : 241) User warning: MagpieRSS: Failed to fetch http://forums.modx.com/board.xml?board=294 (HTTP Error: connection failed (1006)
[2016-03-04 12:08:16] (ERROR @ C:\OpenServer\domains\modxShop\core\model\modx\xmlrss\rssfetch.class.php : 241) User warning: MagpieRSS: Failed to fetch http://forums.modx.com/board.xml?board=294 (HTTP Error: connection failed (1006)
[2016-03-04 12:08:25] (ERROR @ C:\OpenServer\domains\modxShop\core\model\modx\xmlrss\rssfetch.class.php : 241) User warning: MagpieRSS: Failed to fetch http://forums.modx.com/board.xml?board=294 (HTTP Error: connection failed (1006)
[2016-03-04 12:08:30] (ERROR @ C:\OpenServer\domains\modxShop\core\model\modx\xmlrss\rssfetch.class.php : 241) User warning: MagpieRSS: Failed to fetch http://feeds.feedburner.com/modx-announce (HTTP Error: connection failed (1006)
[2016-03-04 12:08:51] (ERROR @ C:\OpenServer\domains\modxShop\core\model\modx\xmlrss\rssfetch.class.php : 241) User warning: MagpieRSS: Failed to fetch http://forums.modx.com/board.xml?board=294 (HTTP Error: connection failed (1006)
[2016-03-04 12:08:52] (ERROR @ C:\OpenServer\domains\modxShop\core\model\modx\xmlrss\rssfetch.class.php : 241) User warning: MagpieRSS: Failed to fetch http://feeds.feedburner.com/modx-announce (HTTP Error: connection failed (1006)
[2016-03-04 12:09:13] (ERROR @ C:\OpenServer\domains\modxShop\core\model\modx\xmlrss\rssfetch.class.php : 241) User warning: MagpieRSS: Failed to fetch http://forums.modx.com/board.xml?board=294 (HTTP Error: connection failed (1006)
[2016-03-04 12:21:22] (ERROR @ C:\OpenServer\domains\modxShop\core\model\modx\xmlrss\rssfetch.class.php : 241) User warning: MagpieRSS: Failed to fetch http://feeds.feedburner.com/modx-announce (HTTP Error: connection failed (1006)
[2016-03-04 12:21:31] (ERROR @ C:\OpenServer\domains\modxShop\core\model\modx\xmlrss\rssfetch.class.php : 241) User warning: MagpieRSS: Failed to fetch http://feeds.feedburner.com/modx-announce (HTTP Error: connection failed (1006)
[2016-03-04 12:21:35] (ERROR @ C:\OpenServer\domains\modxShop\core\model\modx\xmlrss\rssfetch.class.php : 241) User warning: MagpieRSS: Failed to fetch http://feeds.feedburner.com/modx-announce (HTTP Error: connection failed (1006)
[2016-03-04 12:21:43] (ERROR @ C:\OpenServer\domains\modxShop\core\model\modx\xmlrss\rssfetch.class.php : 241) User warning: MagpieRSS: Failed to fetch http://forums.modx.com/board.xml?board=294 (HTTP Error: connection failed (1006)
[2016-03-04 12:21:52] (ERROR @ C:\OpenServer\domains\modxShop\core\model\modx\xmlrss\rssfetch.class.php : 241) User warning: MagpieRSS: Failed to fetch http://forums.modx.com/board.xml?board=294 (HTTP Error: connection failed (1006)
[2016-03-04 12:21:56] (ERROR @ C:\OpenServer\domains\modxShop\core\model\modx\xmlrss\rssfetch.class.php : 241) User warning: MagpieRSS: Failed to fetch http://forums.modx.com/board.xml?board=294 (HTTP Error: connection failed (1006)
[2016-03-04 12:22:00] (ERROR @ C:\OpenServer\domains\modxShop\core\model\modx\xmlrss\rssfetch.class.php : 241) User warning: MagpieRSS: Failed to fetch http://feeds.feedburner.com/modx-announce (HTTP Error: connection failed (1006)
[2016-03-04 12:22:21] (ERROR @ C:\OpenServer\domains\modxShop\core\model\modx\xmlrss\rssfetch.class.php : 241) User warning: MagpieRSS: Failed to fetch http://forums.modx.com/board.xml?board=294 (HTTP Error: connection failed (1006)
[2016-03-04 12:23:00] (ERROR @ C:\OpenServer\domains\modxShop\core\model\modx\xmlrss\rssfetch.class.php : 241) User warning: MagpieRSS: Failed to fetch http://feeds.feedburner.com/modx-announce (HTTP Error: connection failed (1006)
[2016-03-04 12:23:08] (ERROR @ C:\OpenServer\domains\modxShop\core\model\modx\xmlrss\rssfetch.class.php : 241) User warning: MagpieRSS: Failed to fetch http://feeds.feedburner.com/modx-announce (HTTP Error: connection failed (1006)
[2016-03-04 12:23:21] (ERROR @ C:\OpenServer\domains\modxShop\core\model\modx\xmlrss\rssfetch.class.php : 241) User warning: MagpieRSS: Failed to fetch http://forums.modx.com/board.xml?board=294 (HTTP Error: connection failed (1006)
[2016-03-04 12:23:29] (ERROR @ C:\OpenServer\domains\modxShop\core\model\modx\xmlrss\rssfetch.class.php : 241) User warning: MagpieRSS: Failed to fetch http://forums.modx.com/board.xml?board=294 (HTTP Error: connection failed (1006)
[2016-03-04 12:23:32] (ERROR @ C:\OpenServer\domains\modxShop\core\model\modx\xmlrss\rssfetch.class.php : 241) User warning: MagpieRSS: Failed to fetch http://feeds.feedburner.com/modx-announce (HTTP Error: connection failed (1006)
[2016-03-04 12:23:53] (ERROR @ C:\OpenServer\domains\modxShop\core\model\modx\xmlrss\rssfetch.class.php : 241) User warning: MagpieRSS: Failed to fetch http://forums.modx.com/board.xml?board=294 (HTTP Error: connection failed (1006)
[2016-03-04 12:58:47] (ERROR @ C:\OpenServer\domains\modxShop\core\model\modx\xmlrss\rssfetch.class.php : 241) User warning: MagpieRSS: Failed to fetch http://feeds.feedburner.com/modx-announce (HTTP Error: connection failed (1006)
[2016-03-04 12:59:08] (ERROR @ C:\OpenServer\domains\modxShop\core\model\modx\xmlrss\rssfetch.class.php : 241) User warning: MagpieRSS: Failed to fetch http://forums.modx.com/board.xml?board=294 (HTTP Error: connection failed (1006)
[2016-03-04 13:05:08] (ERROR @ /connectors/system/phpthumb.php) phpThumb was unable to generate a thumbnail for: C:\OpenServer\domains\modxShop\core\cache\phpthumb\modxshop__srcf044a37c0898e860f721cbc5ca7dd689_par0ba78bb0326502335f8683fdf331013a_dat0.jpeg
[2016-03-04 13:05:08] (ERROR @ /connectors/system/phpthumb.php) Error outputting thumbnail:
OutputThumbnail() failed because !is_resource($this->gdimg_output) in file "phpthumb.class.php" on line 572
[2016-03-04 13:07:29] (ERROR @ /connectors/system/phpthumb.php) phpThumb was unable to generate a thumbnail for: C:\OpenServer\domains\modxShop\core\cache\phpthumb\modxshop__srcf044a37c0898e860f721cbc5ca7dd689_par0ba78bb0326502335f8683fdf331013a_dat0.jpeg
[2016-03-04 13:07:29] (ERROR @ /connectors/system/phpthumb.php) Error outputting thumbnail:
OutputThumbnail() failed because !is_resource($this->gdimg_output) in file "phpthumb.class.php" on line 572
[2016-03-04 13:08:30] (ERROR @ /connectors/system/phpthumb.php) phpThumb was unable to generate a thumbnail for: C:\OpenServer\domains\modxShop\core\cache\phpthumb\modxshop__srcf044a37c0898e860f721cbc5ca7dd689_par0ba78bb0326502335f8683fdf331013a_dat0.jpeg
[2016-03-04 13:08:30] (ERROR @ /connectors/system/phpthumb.php) Error outputting thumbnail:
OutputThumbnail() failed because !is_resource($this->gdimg_output) in file "phpthumb.class.php" on line 572
[2016-03-04 13:09:48] (ERROR @ /connectors/system/phpthumb.php) phpThumb was unable to generate a thumbnail for: C:\OpenServer\domains\modxShop\core\cache\phpthumb\modxshop__srcf044a37c0898e860f721cbc5ca7dd689_par0ba78bb0326502335f8683fdf331013a_dat0.jpeg
[2016-03-04 13:09:48] (ERROR @ /connectors/system/phpthumb.php) Error outputting thumbnail:
OutputThumbnail() failed because !is_resource($this->gdimg_output) in file "phpthumb.class.php" on line 572
[2016-03-04 13:09:54] (ERROR @ /connectors/system/phpthumb.php) phpThumb was unable to generate a thumbnail for: C:\OpenServer\domains\modxShop\core\cache\phpthumb\modxshop__srcf044a37c0898e860f721cbc5ca7dd689_par0ba78bb0326502335f8683fdf331013a_dat0.jpeg
[2016-03-04 13:09:54] (ERROR @ /connectors/system/phpthumb.php) Error outputting thumbnail:
OutputThumbnail() failed because !is_resource($this->gdimg_output) in file "phpthumb.class.php" on line 572
[2016-03-04 13:09:57] (ERROR @ /connectors/system/phpthumb.php) phpThumb was unable to generate a thumbnail for: C:\OpenServer\domains\modxShop\core\cache\phpthumb\modxshop__srcf044a37c0898e860f721cbc5ca7dd689_par0ba78bb0326502335f8683fdf331013a_dat0.jpeg
[2016-03-04 13:09:57] (ERROR @ /connectors/system/phpthumb.php) Error outputting thumbnail:
OutputThumbnail() failed because !is_resource($this->gdimg_output) in file "phpthumb.class.php" on line 572
[2016-03-04 13:10:06] (ERROR @ /connectors/system/phpthumb.php) phpThumb was unable to generate a thumbnail for: C:\OpenServer\domains\modxShop\core\cache\phpthumb\modxshop__srcf044a37c0898e860f721cbc5ca7dd689_par0ba78bb0326502335f8683fdf331013a_dat0.jpeg
[2016-03-04 13:10:06] (ERROR @ /connectors/system/phpthumb.php) Error outputting thumbnail:
OutputThumbnail() failed because !is_resource($this->gdimg_output) in file "phpthumb.class.php" on line 572
[2016-03-04 13:10:42] (ERROR @ /connectors/system/phpthumb.php) phpThumb was unable to generate a thumbnail for: C:\OpenServer\domains\modxShop\core\cache\phpthumb\modxshop__srcf044a37c0898e860f721cbc5ca7dd689_par0ba78bb0326502335f8683fdf331013a_dat0.jpeg
[2016-03-04 13:10:42] (ERROR @ /connectors/system/phpthumb.php) Error outputting thumbnail:
OutputThumbnail() failed because !is_resource($this->gdimg_output) in file "phpthumb.class.php" on line 572
[2016-03-04 13:10:48] (ERROR @ /connectors/system/phpthumb.php) phpThumb was unable to generate a thumbnail for: C:\OpenServer\domains\modxShop\core\cache\phpthumb\modxshop__srcf044a37c0898e860f721cbc5ca7dd689_par0ba78bb0326502335f8683fdf331013a_dat0.jpeg
[2016-03-04 13:10:48] (ERROR @ /connectors/system/phpthumb.php) Error outputting thumbnail:
OutputThumbnail() failed because !is_resource($this->gdimg_output) in file "phpthumb.class.php" on line 572
[2016-03-04 13:10:54] (ERROR @ /connectors/system/phpthumb.php) phpThumb was unable to generate a thumbnail for: C:\OpenServer\domains\modxShop\core\cache\phpthumb\modxshop__srcf044a37c0898e860f721cbc5ca7dd689_par0ba78bb0326502335f8683fdf331013a_dat0.jpeg
[2016-03-04 13:10:54] (ERROR @ /connectors/system/phpthumb.php) Error outputting thumbnail:
OutputThumbnail() failed because !is_resource($this->gdimg_output) in file "phpthumb.class.php" on line 572
[2016-03-04 13:11:54] (ERROR @ /connectors/system/phpthumb.php) phpThumb was unable to generate a thumbnail for: C:\OpenServer\domains\modxShop\core\cache\phpthumb\modxshop__srcf044a37c0898e860f721cbc5ca7dd689_par0ba78bb0326502335f8683fdf331013a_dat0.jpeg
[2016-03-04 13:11:54] (ERROR @ /connectors/system/phpthumb.php) Error outputting thumbnail:
OutputThumbnail() failed because !is_resource($this->gdimg_output) in file "phpthumb.class.php" on line 572
[2016-03-04 13:11:57] (ERROR @ /connectors/system/phpthumb.php) phpThumb was unable to generate a thumbnail for: C:\OpenServer\domains\modxShop\core\cache\phpthumb\modxshop__srcf044a37c0898e860f721cbc5ca7dd689_par0ba78bb0326502335f8683fdf331013a_dat0.jpeg
[2016-03-04 13:11:57] (ERROR @ /connectors/system/phpthumb.php) Error outputting thumbnail:
OutputThumbnail() failed because !is_resource($this->gdimg_output) in file "phpthumb.class.php" on line 572
[2016-03-04 13:12:00] (ERROR @ C:\OpenServer\domains\modxShop\core\model\modx\xmlrss\rssfetch.class.php : 241) User warning: MagpieRSS: Failed to fetch http://feeds.feedburner.com/modx-announce (HTTP Error: connection failed (1006)
[2016-03-04 13:12:01] (ERROR @ /connectors/system/phpthumb.php) phpThumb was unable to generate a thumbnail for: C:\OpenServer\domains\modxShop\core\cache\phpthumb\modxshop__srcf044a37c0898e860f721cbc5ca7dd689_par0ba78bb0326502335f8683fdf331013a_dat0.jpeg
[2016-03-04 13:12:01] (ERROR @ /connectors/system/phpthumb.php) Error outputting thumbnail:
OutputThumbnail() failed because !is_resource($this->gdimg_output) in file "phpthumb.class.php" on line 572
[2016-03-04 13:12:21] (ERROR @ C:\OpenServer\domains\modxShop\core\model\modx\xmlrss\rssfetch.class.php : 241) User warning: MagpieRSS: Failed to fetch http://forums.modx.com/board.xml?board=294 (HTTP Error: connection failed (1006)
[2016-03-04 13:16:27] (ERROR @ C:\OpenServer\domains\modxShop\core\model\modx\xmlrss\rssfetch.class.php : 241) User warning: MagpieRSS: Failed to fetch http://feeds.feedburner.com/modx-announce (HTTP Error: connection failed (1006)
[2016-03-04 13:16:48] (ERROR @ C:\OpenServer\domains\modxShop\core\model\modx\xmlrss\rssfetch.class.php : 241) User warning: MagpieRSS: Failed to fetch http://forums.modx.com/board.xml?board=294 (HTTP Error: connection failed (1006)
[2016-03-04 13:21:46] (ERROR @ /index.php) Error caching script elements/modsnippet/26
[2016-03-04 13:21:46] (ERROR @ /index.php) Error caching lexicon topic lexicon/en/core/source
[2016-03-04 13:21:46] (ERROR @ /index.php) Error caching lexicon topic lexicon/ru/core/source
[2016-03-04 13:21:46] (ERROR @ /index.php) Could not cache source data for 4.
[2016-03-04 13:21:55] (ERROR @ /connectors/system/phpthumb.php) phpThumb was unable to generate a thumbnail for: C:\OpenServer\domains\modxShop\core\cache\phpthumb\modxshop__srcf044a37c0898e860f721cbc5ca7dd689_par0ba78bb0326502335f8683fdf331013a_dat0.jpeg
[2016-03-04 13:21:55] (ERROR @ /connectors/system/phpthumb.php) Error outputting thumbnail:
OutputThumbnail() failed because !is_resource($this->gdimg_output) in file "phpthumb.class.php" on line 572
[2016-03-04 13:24:31] (ERROR @ /index.php) Error caching lexicon topic lexicon/ru/core/source
[2016-03-04 13:24:31] (ERROR @ /index.php) Could not cache resource 1
[2016-03-04 13:24:31] (ERROR @ /index.php) Could not cache resource 1
[2016-03-04 13:24:51] (ERROR @ /connectors/system/phpthumb.php) phpThumb was unable to generate a thumbnail for: C:\OpenServer\domains\modxShop\core\cache\phpthumb\modxshop__srcbe311b7fa00decf4f8956296e7d5307b_par0ba78bb0326502335f8683fdf331013a_dat0.jpeg
[2016-03-04 13:24:51] (ERROR @ /connectors/system/phpthumb.php) Error outputting thumbnail:
OutputThumbnail() failed because !is_resource($this->gdimg_output) in file "phpthumb.class.php" on line 572
[2016-03-04 13:25:06] (ERROR @ /connectors/system/phpthumb.php) phpThumb was unable to generate a thumbnail for: C:\OpenServer\domains\modxShop\core\cache\phpthumb\modxshop__src67639244e8087a0a61537ab5c740890d_par0ba78bb0326502335f8683fdf331013a_dat0.jpeg
[2016-03-04 13:25:06] (ERROR @ /connectors/system/phpthumb.php) Error outputting thumbnail:
OutputThumbnail() failed because !is_resource($this->gdimg_output) in file "phpthumb.class.php" on line 572
[2016-03-04 13:25:37] (ERROR @ /connectors/system/phpthumb.php) phpThumb was unable to generate a thumbnail for: C:\OpenServer\domains\modxShop\core\cache\phpthumb\modxshop__src9171224f9d21435b246cbd46417842a5_par0ba78bb0326502335f8683fdf331013a_dat0.jpeg
[2016-03-04 13:25:37] (ERROR @ /connectors/system/phpthumb.php) Error outputting thumbnail:
OutputThumbnail() failed because !is_resource($this->gdimg_output) in file "phpthumb.class.php" on line 572
[2016-03-04 13:26:12] (ERROR @ /connectors/system/phpthumb.php) phpThumb was unable to generate a thumbnail for: C:\OpenServer\domains\modxShop\core\cache\phpthumb\modxshop__src307f61c44779c123f1de2217c76290ae_par0ba78bb0326502335f8683fdf331013a_dat0.jpeg
[2016-03-04 13:26:12] (ERROR @ /connectors/system/phpthumb.php) Error outputting thumbnail:
OutputThumbnail() failed because !is_resource($this->gdimg_output) in file "phpthumb.class.php" on line 572
[2016-03-04 13:37:21] (ERROR @ /connectors/system/phpthumb.php) phpThumb was unable to generate a thumbnail for: C:\OpenServer\domains\modxShop\core\cache\phpthumb\modxshop__srcf044a37c0898e860f721cbc5ca7dd689_par0ba78bb0326502335f8683fdf331013a_dat0.jpeg
[2016-03-04 13:37:21] (ERROR @ /connectors/system/phpthumb.php) Error outputting thumbnail:
OutputThumbnail() failed because !is_resource($this->gdimg_output) in file "phpthumb.class.php" on line 572
[2016-03-04 13:44:40] (ERROR @ /connectors/system/phpthumb.php) phpThumb was unable to generate a thumbnail for: C:\OpenServer\domains\modxShop\core\cache\phpthumb\modxshop__srcf044a37c0898e860f721cbc5ca7dd689_par0ba78bb0326502335f8683fdf331013a_dat0.jpeg
[2016-03-04 13:44:40] (ERROR @ /connectors/system/phpthumb.php) Error outputting thumbnail:
OutputThumbnail() failed because !is_resource($this->gdimg_output) in file "phpthumb.class.php" on line 572
[2016-03-04 13:44:41] (ERROR @ /connectors/system/phpthumb.php) phpThumb was unable to generate a thumbnail for: C:\OpenServer\domains\modxShop\core\cache\phpthumb\modxshop__srcf044a37c0898e860f721cbc5ca7dd689_par0ba78bb0326502335f8683fdf331013a_dat0.jpeg
[2016-03-04 13:44:41] (ERROR @ /connectors/system/phpthumb.php) Error outputting thumbnail:
OutputThumbnail() failed because !is_resource($this->gdimg_output) in file "phpthumb.class.php" on line 572
[2016-03-04 13:56:55] (ERROR @ /connectors/system/phpthumb.php) phpThumb was unable to generate a thumbnail for: C:\OpenServer\domains\modxShop\core\cache\phpthumb\modxshop__srcf044a37c0898e860f721cbc5ca7dd689_par0ba78bb0326502335f8683fdf331013a_dat0.jpeg
[2016-03-04 13:56:55] (ERROR @ /connectors/system/phpthumb.php) Error outputting thumbnail:
OutputThumbnail() failed because !is_resource($this->gdimg_output) in file "phpthumb.class.php" on line 572
[2016-03-04 14:03:14] (ERROR @ /connectors/system/phpthumb.php) phpThumb was unable to generate a thumbnail for: C:\OpenServer\domains\modxShop\core\cache\phpthumb\modxshop__src5c80c8bc697c28e27767fc854cfec3ef_par0ba78bb0326502335f8683fdf331013a_dat0.jpeg
[2016-03-04 14:03:14] (ERROR @ /connectors/system/phpthumb.php) Error outputting thumbnail:
OutputThumbnail() failed because !is_resource($this->gdimg_output) in file "phpthumb.class.php" on line 572
[2016-03-04 14:10:27] (ERROR @ /connectors/system/phpthumb.php) phpThumb was unable to generate a thumbnail for: C:\OpenServer\domains\modxShop\core\cache\phpthumb\modxshop__src5c80c8bc697c28e27767fc854cfec3ef_par0ba78bb0326502335f8683fdf331013a_dat0.jpeg
[2016-03-04 14:10:27] (ERROR @ /connectors/system/phpthumb.php) Error outputting thumbnail:
OutputThumbnail() failed because !is_resource($this->gdimg_output) in file "phpthumb.class.php" on line 572
[2016-03-04 14:15:46] (ERROR @ /connectors/system/phpthumb.php) phpThumb was unable to generate a thumbnail for: C:\OpenServer\domains\modxShop\core\cache\phpthumb\modxshop__src5c80c8bc697c28e27767fc854cfec3ef_par0ba78bb0326502335f8683fdf331013a_dat0.jpeg
[2016-03-04 14:15:46] (ERROR @ /connectors/system/phpthumb.php) Error outputting thumbnail:
OutputThumbnail() failed because !is_resource($this->gdimg_output) in file "phpthumb.class.php" on line 572
[2016-03-04 14:15:46] (ERROR @ /connectors/system/phpthumb.php) phpThumb was unable to generate a thumbnail for: C:\OpenServer\domains\modxShop\core\cache\phpthumb\modxshop__src5c80c8bc697c28e27767fc854cfec3ef_par0ba78bb0326502335f8683fdf331013a_dat0.jpeg
[2016-03-04 14:15:46] (ERROR @ /connectors/system/phpthumb.php) Error outputting thumbnail:
OutputThumbnail() failed because !is_resource($this->gdimg_output) in file "phpthumb.class.php" on line 572
[2016-03-04 14:19:27] (ERROR @ /connectors/system/phpthumb.php) phpThumb was unable to generate a thumbnail for: C:\OpenServer\domains\modxShop\core\cache\phpthumb\modxshop__srcf044a37c0898e860f721cbc5ca7dd689_par0ba78bb0326502335f8683fdf331013a_dat0.jpeg
[2016-03-04 14:19:27] (ERROR @ /connectors/system/phpthumb.php) Error outputting thumbnail:
OutputThumbnail() failed because !is_resource($this->gdimg_output) in file "phpthumb.class.php" on line 572
[2016-03-04 14:19:58] (ERROR @ /connectors/system/phpthumb.php) phpThumb was unable to generate a thumbnail for: C:\OpenServer\domains\modxShop\core\cache\phpthumb\modxshop__srcf044a37c0898e860f721cbc5ca7dd689_par0ba78bb0326502335f8683fdf331013a_dat0.jpeg
[2016-03-04 14:19:58] (ERROR @ /connectors/system/phpthumb.php) Error outputting thumbnail:
OutputThumbnail() failed because !is_resource($this->gdimg_output) in file "phpthumb.class.php" on line 572
[2016-03-04 14:20:09] (ERROR @ /connectors/system/phpthumb.php) phpThumb was unable to generate a thumbnail for: C:\OpenServer\domains\modxShop\core\cache\phpthumb\modxshop__srcf044a37c0898e860f721cbc5ca7dd689_par0ba78bb0326502335f8683fdf331013a_dat0.jpeg
[2016-03-04 14:20:09] (ERROR @ /connectors/system/phpthumb.php) Error outputting thumbnail:
OutputThumbnail() failed because !is_resource($this->gdimg_output) in file "phpthumb.class.php" on line 572
[2016-03-04 14:25:34] (ERROR @ /connectors/system/phpthumb.php) phpThumb was unable to generate a thumbnail for: C:\OpenServer\domains\modxShop\core\cache\phpthumb\modxshop__srcf044a37c0898e860f721cbc5ca7dd689_par0ba78bb0326502335f8683fdf331013a_dat0.jpeg
[2016-03-04 14:25:34] (ERROR @ /connectors/system/phpthumb.php) Error outputting thumbnail:
OutputThumbnail() failed because !is_resource($this->gdimg_output) in file "phpthumb.class.php" on line 572
[2016-03-04 14:47:13] (ERROR @ /index.php) Could not cache resource 1
[2016-03-04 15:10:51] (ERROR @ /index.php) Could not cache resource 1
[2016-03-04 15:15:40] (ERROR @ C:\OpenServer\domains\modxShop\core\model\modx\xmlrss\rssfetch.class.php : 241) User warning: MagpieRSS: Failed to fetch http://feeds.feedburner.com/modx-announce (HTTP Error: connection failed (1006)
[2016-03-04 15:16:01] (ERROR @ C:\OpenServer\domains\modxShop\core\model\modx\xmlrss\rssfetch.class.php : 241) User warning: MagpieRSS: Failed to fetch http://forums.modx.com/board.xml?board=294 (HTTP Error: connection failed (1006)
[2016-03-04 15:23:48] (ERROR @ C:\OpenServer\domains\modxShop\core\model\modx\xmlrss\rssfetch.class.php : 241) User warning: MagpieRSS: Failed to fetch http://feeds.feedburner.com/modx-announce (HTTP Error: connection failed (1006)
[2016-03-04 15:24:09] (ERROR @ C:\OpenServer\domains\modxShop\core\model\modx\xmlrss\rssfetch.class.php : 241) User warning: MagpieRSS: Failed to fetch http://forums.modx.com/board.xml?board=294 (HTTP Error: connection failed (1006)
[2016-03-04 15:27:16] (ERROR @ C:\OpenServer\domains\modxShop\core\model\modx\xmlrss\rssfetch.class.php : 241) User warning: MagpieRSS: Failed to fetch http://feeds.feedburner.com/modx-announce (HTTP Error: connection failed (1006)
